[0613/222649.350:ERROR:process_memory_win.cc(73)] ReadMemory at 0x7ff6f4650000 of 64 bytes failed: Somente uma parte de um pedido ReadProcessMemory ou WriteProcessMemory foi concluída. (0x12B)
[0613/222649.372:WARNING:pe_image_reader.cc(340)] could not read dos header from C:\Program Files (x86)\Google\Chrome\Application\chrome.exe
[0613/222649.372:ERROR:process_memory_win.cc(73)] ReadMemory at 0x7ffe5e7e0000 of 64 bytes failed: Somente uma parte de um pedido ReadProcessMemory ou WriteProcessMemory foi concluída. (0x12B)
[0613/222649.372:WARNING:pe_image_reader.cc(340)] could not read dos header from C:\WINDOWS\SYSTEM32\ntdll.dll
[0613/222649.372:ERROR:process_memory_win.cc(73)] ReadMemory at 0x7ffe5cfe0000 of 64 bytes failed: Somente uma parte de um pedido ReadProcessMemory ou WriteProcessMemory foi concluída. (0x12B)
[0613/222649.372:WARNING:pe_image_reader.cc(340)] could not read dos header from C:\WINDOWS\System32\KERNEL32.DLL
[0613/222649.372:ERROR:process_memory_win.cc(73)] ReadMemory at 0x7ffe5b9a0000 of 64 bytes failed: Somente uma parte de um pedido ReadProcessMemory ou WriteProcessMemory foi concluída. (0x12B)
[0613/222649.372:WARNING:pe_image_reader.cc(340)] could not read dos header from C:\WINDOWS\System32\KERNELBASE.dll
[0613/222649.372:ERROR:process_memory_win.cc(73)] ReadMemory at 0x7ffe2dc40000 of 64 bytes failed: Somente uma parte de um pedido ReadProcessMemory ou WriteProcessMemory foi concluída. (0x12B)
[0613/222649.372:WARNING:pe_image_reader.cc(340)] could not read dos header from C:\Program Files (x86)\Google\Chrome\Application\83.0.4103.97\chrome_elf.dll
[0613/222649.372:ERROR:process_memory_win.cc(73)] ReadMemory at 0x7ffe55270000 of 64 bytes failed: Somente uma parte de um pedido ReadProcessMemory ou WriteProcessMemory foi concluída. (0x12B)
[0613/222649.373:WARNING:pe_image_reader.cc(340)] could not read dos header from C:\WINDOWS\SYSTEM32\VERSION.dll
[0613/222649.373:ERROR:process_memory_win.cc(73)] ReadMemory at 0x7ffe5cf40000 of 64 bytes failed: Somente uma parte de um pedido ReadProcessMemory ou WriteProcessMemory foi concluída. (0x12B)
[0613/222649.373:WARNING:pe_image_reader.cc(340)] could not read dos header from C:\WINDOWS\System32\msvcrt.dll
[0613/222649.373:ERROR:process_memory_win.cc(73)] ReadMemory at 0x7ffe5bc50000 of 64 bytes failed: Somente uma parte de um pedido ReadProcessMemory ou WriteProcessMemory foi concluída. (0x12B)
[0613/222649.373:WARNING:pe_image_reader.cc(340)] could not read dos header from C:\WINDOWS\System32\bcryptPrimitives.dll
[0613/222649.373:ERROR:process_memory_win.cc(73)] ReadMemory at 0x7ffe5c8a0000 of 64 bytes failed: Somente uma parte de um pedido ReadProcessMemory ou WriteProcessMemory foi concluída. (0x12B)
[0613/222649.373:WARNING:pe_image_reader.cc(340)] could not read dos header from C:\WINDOWS\System32\ADVAPI32.dll
[0613/222649.373:ERROR:process_memory_win.cc(73)] ReadMemory at 0x7ffe5d280000 of 64 bytes failed: Somente uma parte de um pedido ReadProcessMemory ou WriteProcessMemory foi concluída. (0x12B)
[0613/222649.373:WARNING:pe_image_reader.cc(340)] could not read dos header from C:\WINDOWS\System32\sechost.dll
[0613/222649.373:ERROR:process_memory_win.cc(73)] ReadMemory at 0x7ffe5cbc0000 of 64 bytes failed: Somente uma parte de um pedido ReadProcessMemory ou WriteProcessMemory foi concluída. (0x12B)
[0613/222649.373:WARNING:pe_image_reader.cc(340)] could not read dos header from C:\WINDOWS\System32\RPCRT4.dll
[0613/222649.373:ERROR:process_memory_win.cc(73)] ReadMemory at 0x7ffdade30000 of 64 bytes failed: Somente uma parte de um pedido ReadProcessMemory ou WriteProcessMemory foi concluída. (0x12B)
[0613/222649.373:WARNING:pe_image_reader.cc(340)] could not read dos header from C:\Program Files (x86)\Google\Chrome\Application\83.0.4103.97\chrome.dll
[0613/222649.373:ERROR:process_memory_win.cc(73)] ReadMemory at 0x7ffe5d1a0000 of 64 bytes failed: Somente uma parte de um pedido ReadProcessMemory ou WriteProcessMemory foi concluída. (0x12B)
[0613/222649.373:WARNING:pe_image_reader.cc(340)] could not read dos header from C:\WINDOWS\System32\WS2_32.dll
[0613/222649.373:ERROR:process_memory_win.cc(73)] ReadMemory at 0x7ffe5e620000 of 64 bytes failed: Somente uma parte de um pedido ReadProcessMemory ou WriteProcessMemory foi concluída. (0x12B)
[0613/222649.373:WARNING:pe_image_reader.cc(340)] could not read dos header from C:\WINDOWS\System32\OLEAUT32.dll
[0613/222649.373:ERROR:process_memory_win.cc(73)] ReadMemory at 0x7ffe5bf20000 of 64 bytes failed: Somente uma parte de um pedido ReadProcessMemory ou WriteProcessMemory foi concluída. (0x12B)
[0613/222649.373:WARNING:pe_image_reader.cc(340)] could not read dos header from C:\WINDOWS\System32\msvcp_win.dll
[0613/222649.373:ERROR:process_memory_win.cc(73)] ReadMemory at 0x7ffe5c790000 of 64 bytes failed: Somente uma parte de um pedido ReadProcessMemory ou WriteProcessMemory foi concluída. (0x12B)
[0613/222649.373:WARNING:pe_image_reader.cc(340)] could not read dos header from C:\WINDOWS\System32\ucrtbase.dll
[0613/222649.373:ERROR:process_memory_win.cc(73)] ReadMemory at 0x7ffe5dbf0000 of 64 bytes failed: Somente uma parte de um pedido ReadProcessMemory ou WriteProcessMemory foi concluída. (0x12B)
[0613/222649.373:WARNING:pe_image_reader.cc(340)] could not read dos header from C:\WINDOWS\System32\combase.dll
[0613/222649.373:ERROR:process_memory_win.cc(73)] ReadMemory at 0x7ffe5b920000 of 64 bytes failed: Somente uma parte de um pedido ReadProcessMemory ou WriteProcessMemory foi concluída. (0x12B)
[0613/222649.373:WARNING:pe_image_reader.cc(340)] could not read dos header from C:\WINDOWS\System32\WINTRUST.dll
[0613/222649.373:ERROR:process_memory_win.cc(73)] ReadMemory at 0x7ffe5b6e0000 of 64 bytes failed: Somente uma parte de um pedido ReadProcessMemory ou WriteProcessMemory foi concluída. (0x12B)
[0613/222649.373:WARNING:pe_image_reader.cc(340)] could not read dos header from C:\WINDOWS\System32\MSASN1.dll
[0613/222649.373:ERROR:process_memory_win.cc(73)] ReadMemory at 0x7ffe5b770000 of 64 bytes failed: Somente uma parte de um pedido ReadProcessMemory ou WriteProcessMemory foi concluída. (0x12B)
[0613/222649.373:WARNING:pe_image_reader.cc(340)] could not read dos header from C:\WINDOWS\System32\CRYPT32.dll
[0613/222649.373:ERROR:process_memory_win.cc(73)] ReadMemory at 0x7ffe5abc0000 of 64 bytes failed: Somente uma parte de um pedido ReadProcessMemory ou WriteProcessMemory foi concluída. (0x12B)
[0613/222649.373:WARNING:pe_image_reader.cc(340)] could not read dos header from C:\WINDOWS\SYSTEM32\IPHLPAPI.DLL
[0613/222649.373:ERROR:process_memory_win.cc(73)] ReadMemory at 0x7ffe59600000 of 64 bytes failed: Somente uma parte de um pedido ReadProcessMemory ou WriteProcessMemory foi concluída. (0x12B)
[0613/222649.373:WARNING:pe_image_reader.cc(340)] could not read dos header from C:\WINDOWS\SYSTEM32\WINMM.dll
[0613/222649.373:ERROR:process_memory_win.cc(73)] ReadMemory at 0x7ffe49400000 of 64 bytes failed: Somente uma parte de um pedido ReadProcessMemory ou WriteProcessMemory foi concluída. (0x12B)
[0613/222649.373:WARNING:pe_image_reader.cc(340)] could not read dos header from C:\WINDOWS\SYSTEM32\Secur32.dll
[0613/222649.373:ERROR:process_memory_win.cc(73)] ReadMemory at 0x7ffe5b5c0000 of 64 bytes failed: Somente uma parte de um pedido ReadProcessMemory ou WriteProcessMemory foi concluída. (0x12B)
[0613/222649.373:WARNING:pe_image_reader.cc(340)] could not read dos header from C:\WINDOWS\SYSTEM32\USERENV.dll
[0613/222649.373:ERROR:process_memory_win.cc(73)] ReadMemory at 0x7ffe5b6b0000 of 64 bytes failed: Somente uma parte de um pedido ReadProcessMemory ou WriteProcessMemory foi concluída. (0x12B)
[0613/222649.373:WARNING:pe_image_reader.cc(340)] could not read dos header from C:\WINDOWS\System32\profapi.dll
[0613/222649.373:ERROR:process_memory_win.cc(73)] ReadMemory at 0x7ffe38000000 of 64 bytes failed: Somente uma parte de um pedido ReadProcessMemory ou WriteProcessMemory foi concluída. (0x12B)
[0613/222649.374:WARNING:pe_image_reader.cc(340)] could not read dos header from C:\WINDOWS\SYSTEM32\UIAutomationCore.DLL
[0613/222649.374:ERROR:process_memory_win.cc(73)] ReadMemory at 0x7ffe50500000 of 64 bytes failed: Somente uma parte de um pedido ReadProcessMemory ou WriteProcessMemory foi concluída. (0x12B)
[0613/222649.374:WARNING:pe_image_reader.cc(340)] could not read dos header from C:\WINDOWS\SYSTEM32\DWrite.dll
[0613/222649.374:ERROR:process_memory_win.cc(73)] ReadMemory at 0x7ffe4bcb0000 of 64 bytes failed: Somente uma parte de um pedido ReadProcessMemory ou WriteProcessMemory foi concluída. (0x12B)
[0613/222649.374:WARNING:pe_image_reader.cc(340)] could not read dos header from C:\WINDOWS\SYSTEM32\WINSPOOL.DRV
[0613/222649.374:ERROR:process_memory_win.cc(73)] ReadMemory at 0x7ffe5b700000 of 64 bytes failed: Somente uma parte de um pedido ReadProcessMemory ou WriteProcessMemory foi concluída. (0x12B)
[0613/222649.374:WARNING:pe_image_reader.cc(340)] could not read dos header from C:\WINDOWS\System32\kernel.appcore.dll
[0613/222649.374:ERROR:process_memory_win.cc(73)] ReadMemory at 0x7ffe5b8f0000 of 64 bytes failed: Somente uma parte de um pedido ReadProcessMemory ou WriteProcessMemory foi concluída. (0x12B)
[0613/222649.374:WARNING:pe_image_reader.cc(340)] could not read dos header from C:\WINDOWS\System32\bcrypt.dll
[0613/222649.374:ERROR:process_memory_win.cc(73)] ReadMemory at 0x7ffe4bf00000 of 64 bytes failed: Somente uma parte de um pedido ReadProcessMemory ou WriteProcessMemory foi concluída. (0x12B)
[0613/222649.374:WARNING:pe_image_reader.cc(340)] could not read dos header from C:\WINDOWS\SYSTEM32\dbghelp.dll
[0613/222649.374:ERROR:process_memory_win.cc(73)] ReadMemory at 0x7ffe545e0000 of 64 bytes failed: Somente uma parte de um pedido ReadProcessMemory ou WriteProcessMemory foi concluída. (0x12B)
[0613/222649.374:WARNING:pe_image_reader.cc(340)] could not read dos header from C:\WINDOWS\SYSTEM32\WINHTTP.dll
[0613/222649.374:ERROR:process_memory_win.cc(73)] ReadMemory at 0x7ffe56620000 of 64 bytes failed: Somente uma parte de um pedido ReadProcessMemory ou WriteProcessMemory foi concluída. (0x12B)
[0613/222649.374:WARNING:pe_image_reader.cc(340)] could not read dos header from C:\WINDOWS\SYSTEM32\dhcpcsvc.DLL
[0613/222649.374:ERROR:process_memory_win.cc(73)] ReadMemory at 0x7ffe5c890000 of 64 bytes failed: Somente uma parte de um pedido ReadProcessMemory ou WriteProcessMemory foi concluída. (0x12B)
[0613/222649.374:WARNING:pe_image_reader.cc(340)] could not read dos header from C:\WINDOWS\System32\NSI.dll
[0613/222649.374:ERROR:process_memory_win.cc(73)] ReadMemory at 0x7ffe595d0000 of 64 bytes failed: Somente uma parte de um pedido ReadProcessMemory ou WriteProcessMemory foi concluída. (0x12B)
[0613/222649.374:WARNING:pe_image_reader.cc(340)] could not read dos header from C:\WINDOWS\SYSTEM32\WINMMBASE.dll
[0613/222649.374:ERROR:process_memory_win.cc(73)] ReadMemory at 0x7ffe5c740000 of 64 bytes failed: Somente uma parte de um pedido ReadProcessMemory ou WriteProcessMemory foi concluída. (0x12B)
[0613/222649.375:WARNING:pe_image_reader.cc(340)] could not read dos header from C:\WINDOWS\System32\cfgmgr32.dll
[0613/222649.375:ERROR:process_memory_win.cc(73)] ReadMemory at 0x7ffe57d30000 of 64 bytes failed: Somente uma parte de um pedido ReadProcessMemory ou WriteProcessMemory foi concluída. (0x12B)
[0613/222649.375:WARNING:pe_image_reader.cc(340)] could not read dos header from C:\WINDOWS\SYSTEM32\PROPSYS.dll
[0613/222649.375:ERROR:process_memory_win.cc(73)] ReadMemory at 0x7ffe5e6f0000 of 64 bytes failed: Somente uma parte de um pedido ReadProcessMemory ou WriteProcessMemory foi concluída. (0x12B)
[0613/222649.375:WARNING:pe_image_reader.cc(340)] could not read dos header from C:\WINDOWS\System32\shcore.dll
[0613/222649.375:ERROR:process_memory_win.cc(73)] ReadMemory at 0x7ffe5b590000 of 64 bytes failed: Somente uma parte de um pedido ReadProcessMemory ou WriteProcessMemory foi concluída. (0x12B)
[0613/222649.375:WARNING:pe_image_reader.cc(340)] could not read dos header from C:\WINDOWS\SYSTEM32\SSPICLI.DLL
[0613/222649.375:ERROR:process_memory_win.cc(73)] ReadMemory at 0x7ffe5b0e0000 of 64 bytes failed: Somente uma parte de um pedido ReadProcessMemory ou WriteProcessMemory foi concluída. (0x12B)
[0613/222649.375:WARNING:pe_image_reader.cc(340)] could not read dos header from C:\WINDOWS\SYSTEM32\CRYPTBASE.DLL
[0613/222649.380:ERROR:process_memory_win.cc(73)] ReadMemory at 0x7ff6f4650000 of 64 bytes failed: Somente uma parte de um pedido ReadProcessMemory ou WriteProcessMemory foi concluída. (0x12B)
[0613/222649.380:WARNING:pe_image_reader.cc(340)] could not read dos header from C:\Program Files (x86)\Google\Chrome\Application\chrome.exe
[0613/222649.380:ERROR:process_memory_win.cc(73)] ReadMemory at 0x7ffe5e7e0000 of 64 bytes failed: Somente uma parte de um pedido ReadProcessMemory ou WriteProcessMemory foi concluída. (0x12B)
[0613/222649.380:WARNING:pe_image_reader.cc(340)] could not read dos header from C:\WINDOWS\SYSTEM32\ntdll.dll
[0613/222649.380:ERROR:process_memory_win.cc(73)] ReadMemory at 0x7ffe5cfe0000 of 64 bytes failed: Somente uma parte de um pedido ReadProcessMemory ou WriteProcessMemory foi concluída. (0x12B)
[0613/222649.380:WARNING:pe_image_reader.cc(340)] could not read dos header from C:\WINDOWS\System32\KERNEL32.DLL
[0613/222649.380:ERROR:process_memory_win.cc(73)] ReadMemory at 0x7ffe5b9a0000 of 64 bytes failed: Somente uma parte de um pedido ReadProcessMemory ou WriteProcessMemory foi concluída. (0x12B)
[0613/222649.380:WARNING:pe_image_reader.cc(340)] could not read dos header from C:\WINDOWS\System32\KERNELBASE.dll
[0613/222649.380:ERROR:process_memory_win.cc(73)] ReadMemory at 0x7ffe2dc40000 of 64 bytes failed: Somente uma parte de um pedido ReadProcessMemory ou WriteProcessMemory foi concluída. (0x12B)
[0613/222649.380:WARNING:pe_image_reader.cc(340)] could not read dos header from C:\Program Files (x86)\Google\Chrome\Application\83.0.4103.97\chrome_elf.dll
[0613/222649.380:ERROR:process_memory_win.cc(73)] ReadMemory at 0x7ffe55270000 of 64 bytes failed: Somente uma parte de um pedido ReadProcessMemory ou WriteProcessMemory foi concluída. (0x12B)
[0613/222649.380:WARNING:pe_image_reader.cc(340)] could not read dos header from C:\WINDOWS\SYSTEM32\VERSION.dll
[0613/222649.380:ERROR:process_memory_win.cc(73)] ReadMemory at 0x7ffe5cf40000 of 64 bytes failed: Somente uma parte de um pedido ReadProcessMemory ou WriteProcessMemory foi concluída. (0x12B)
[0613/222649.380:WARNING:pe_image_reader.cc(340)] could not read dos header from C:\WINDOWS\System32\msvcrt.dll
[0613/222649.380:ERROR:process_memory_win.cc(73)] ReadMemory at 0x7ffe5bc50000 of 64 bytes failed: Somente uma parte de um pedido ReadProcessMemory ou WriteProcessMemory foi concluída. (0x12B)
[0613/222649.380:WARNING:pe_image_reader.cc(340)] could not read dos header from C:\WINDOWS\System32\bcryptPrimitives.dll
[0613/222649.380:ERROR:process_memory_win.cc(73)] ReadMemory at 0x7ffe5c8a0000 of 64 bytes failed: Somente uma parte de um pedido ReadProcessMemory ou WriteProcessMemory foi concluída. (0x12B)
[0613/222649.380:WARNING:pe_image_reader.cc(340)] could not read dos header from C:\WINDOWS\System32\ADVAPI32.dll
[0613/222649.380:ERROR:process_memory_win.cc(73)] ReadMemory at 0x7ffe5d280000 of 64 bytes failed: Somente uma parte de um pedido ReadProcessMemory ou WriteProcessMemory foi concluída. (0x12B)
[0613/222649.380:WARNING:pe_image_reader.cc(340)] could not read dos header from C:\WINDOWS\System32\sechost.dll
[0613/222649.380:ERROR:process_memory_win.cc(73)] ReadMemory at 0x7ffe5cbc0000 of 64 bytes failed: Somente uma parte de um pedido ReadProcessMemory ou WriteProcessMemory foi concluída. (0x12B)
[0613/222649.380:WARNING:pe_image_reader.cc(340)] could not read dos header from C:\WINDOWS\System32\RPCRT4.dll
[0613/222649.380:ERROR:process_memory_win.cc(73)] ReadMemory at 0x7ffdade30000 of 64 bytes failed: Somente uma parte de um pedido ReadProcessMemory ou WriteProcessMemory foi concluída. (0x12B)
[0613/222649.380:WARNING:pe_image_reader.cc(340)] could not read dos header from C:\Program Files (x86)\Google\Chrome\Application\83.0.4103.97\chrome.dll
[0613/222649.380:ERROR:process_memory_win.cc(73)] ReadMemory at 0x7ffe5d1a0000 of 64 bytes failed: Somente uma parte de um pedido ReadProcessMemory ou WriteProcessMemory foi concluída. (0x12B)
[0613/222649.380:WARNING:pe_image_reader.cc(340)] could not read dos header from C:\WINDOWS\System32\WS2_32.dll
[0613/222649.381:ERROR:process_memory_win.cc(73)] ReadMemory at 0x7ffe5e620000 of 64 bytes failed: Somente uma parte de um pedido ReadProcessMemory ou WriteProcessMemory foi concluída. (0x12B)
[0613/222649.381:WARNING:pe_image_reader.cc(340)] could not read dos header from C:\WINDOWS\System32\OLEAUT32.dll
[0613/222649.381:ERROR:process_memory_win.cc(73)] ReadMemory at 0x7ffe5bf20000 of 64 bytes failed: Somente uma parte de um pedido ReadProcessMemory ou WriteProcessMemory foi concluída. (0x12B)
[0613/222649.381:WARNING:pe_image_reader.cc(340)] could not read dos header from C:\WINDOWS\System32\msvcp_win.dll
[0613/222649.381:ERROR:process_memory_win.cc(73)] ReadMemory at 0x7ffe5c790000 of 64 bytes failed: Somente uma parte de um pedido ReadProcessMemory ou WriteProcessMemory foi concluída. (0x12B)
[0613/222649.381:WARNING:pe_image_reader.cc(340)] could not read dos header from C:\WINDOWS\System32\ucrtbase.dll
[0613/222649.381:ERROR:process_memory_win.cc(73)] ReadMemory at 0x7ffe5dbf0000 of 64 bytes failed: Somente uma parte de um pedido ReadProcessMemory ou WriteProcessMemory foi concluída. (0x12B)
[0613/222649.381:WARNING:pe_image_reader.cc(340)] could not read dos header from C:\WINDOWS\System32\combase.dll
[0613/222649.381:ERROR:process_memory_win.cc(73)] ReadMemory at 0x7ffe5b920000 of 64 bytes failed: Somente uma parte de um pedido ReadProcessMemory ou WriteProcessMemory foi concluída. (0x12B)
[0613/222649.381:WARNING:pe_image_reader.cc(340)] could not read dos header from C:\WINDOWS\System32\WINTRUST.dll
[0613/222649.381:ERROR:process_memory_win.cc(73)] ReadMemory at 0x7ffe5b6e0000 of 64 bytes failed: Somente uma parte de um pedido ReadProcessMemory ou WriteProcessMemory foi concluída. (0x12B)
[0613/222649.381:WARNING:pe_image_reader.cc(340)] could not read dos header from C:\WINDOWS\System32\MSASN1.dll
[0613/222649.381:ERROR:process_memory_win.cc(73)] ReadMemory at 0x7ffe5b770000 of 64 bytes failed: Somente uma parte de um pedido ReadProcessMemory ou WriteProcessMemory foi concluída. (0x12B)
[0613/222649.381:WARNING:pe_image_reader.cc(340)] could not read dos header from C:\WINDOWS\System32\CRYPT32.dll
[0613/222649.381:ERROR:process_memory_win.cc(73)] ReadMemory at 0x7ffe5abc0000 of 64 bytes failed: Somente uma parte de um pedido ReadProcessMemory ou WriteProcessMemory foi concluída. (0x12B)
[0613/222649.381:WARNING:pe_image_reader.cc(340)] could not read dos header from C:\WINDOWS\SYSTEM32\IPHLPAPI.DLL
[0613/222649.381:ERROR:process_memory_win.cc(73)] ReadMemory at 0x7ffe59600000 of 64 bytes failed: Somente uma parte de um pedido ReadProcessMemory ou WriteProcessMemory foi concluída. (0x12B)
[0613/222649.381:WARNING:pe_image_reader.cc(340)] could not read dos header from C:\WINDOWS\SYSTEM32\WINMM.dll
[0613/222649.381:ERROR:process_memory_win.cc(73)] ReadMemory at 0x7ffe49400000 of 64 bytes failed: Somente uma parte de um pedido ReadProcessMemory ou WriteProcessMemory foi concluída. (0x12B)
[0613/222649.381:WARNING:pe_image_reader.cc(340)] could not read dos header from C:\WINDOWS\SYSTEM32\Secur32.dll
[0613/222649.381:ERROR:process_memory_win.cc(73)] ReadMemory at 0x7ffe5b5c0000 of 64 bytes failed: Somente uma parte de um pedido ReadProcessMemory ou WriteProcessMemory foi concluída. (0x12B)
[0613/222649.381:WARNING:pe_image_reader.cc(340)] could not read dos header from C:\WINDOWS\SYSTEM32\USERENV.dll
[0613/222649.381:ERROR:process_memory_win.cc(73)] ReadMemory at 0x7ffe5b6b0000 of 64 bytes failed: Somente uma parte de um pedido ReadProcessMemory ou WriteProcessMemory foi concluída. (0x12B)
[0613/222649.381:WARNING:pe_image_reader.cc(340)] could not read dos header from C:\WINDOWS\System32\profapi.dll
[0613/222649.381:ERROR:process_memory_win.cc(73)] ReadMemory at 0x7ffe38000000 of 64 bytes failed: Somente uma parte de um pedido ReadProcessMemory ou WriteProcessMemory foi concluída. (0x12B)
[0613/222649.381:WARNING:pe_image_reader.cc(340)] could not read dos header from C:\WINDOWS\SYSTEM32\UIAutomationCore.DLL
[0613/222649.381:ERROR:process_memory_win.cc(73)] ReadMemory at 0x7ffe50500000 of 64 bytes failed: Somente uma parte de um pedido ReadProcessMemory ou WriteProcessMemory foi concluída. (0x12B)
[0613/222649.381:WARNING:pe_image_reader.cc(340)] could not read dos header from C:\WINDOWS\SYSTEM32\DWrite.dll
[0613/222649.381:ERROR:process_memory_win.cc(73)] ReadMemory at 0x7ffe4bcb0000 of 64 bytes failed: Somente uma parte de um pedido ReadProcessMemory ou WriteProcessMemory foi concluída. (0x12B)
[0613/222649.381:WARNING:pe_image_reader.cc(340)] could not read dos header from C:\WINDOWS\SYSTEM32\WINSPOOL.DRV
[0613/222649.382:ERROR:process_memory_win.cc(73)] ReadMemory at 0x7ffe5b700000 of 64 bytes failed: Somente uma parte de um pedido ReadProcessMemory ou WriteProcessMemory foi concluída. (0x12B)
[0613/222649.382:WARNING:pe_image_reader.cc(340)] could not read dos header from C:\WINDOWS\System32\kernel.appcore.dll
[0613/222649.382:ERROR:process_memory_win.cc(73)] ReadMemory at 0x7ffe5b8f0000 of 64 bytes failed: Somente uma parte de um pedido ReadProcessMemory ou WriteProcessMemory foi concluída. (0x12B)
[0613/222649.382:WARNING:pe_image_reader.cc(340)] could not read dos header from C:\WINDOWS\System32\bcrypt.dll
[0613/222649.382:ERROR:process_memory_win.cc(73)] ReadMemory at 0x7ffe4bf00000 of 64 bytes failed: Somente uma parte de um pedido ReadProcessMemory ou WriteProcessMemory foi concluída. (0x12B)
[0613/222649.382:WARNING:pe_image_reader.cc(340)] could not read dos header from C:\WINDOWS\SYSTEM32\dbghelp.dll
[0613/222649.382:ERROR:process_memory_win.cc(73)] ReadMemory at 0x7ffe545e0000 of 64 bytes failed: Somente uma parte de um pedido ReadProcessMemory ou WriteProcessMemory foi concluída. (0x12B)
[0613/222649.382:WARNING:pe_image_reader.cc(340)] could not read dos header from C:\WINDOWS\SYSTEM32\WINHTTP.dll
[0613/222649.382:ERROR:process_memory_win.cc(73)] ReadMemory at 0x7ffe56620000 of 64 bytes failed: Somente uma parte de um pedido ReadProcessMemory ou WriteProcessMemory foi concluída. (0x12B)
[0613/222649.382:WARNING:pe_image_reader.cc(340)] could not read dos header from C:\WINDOWS\SYSTEM32\dhcpcsvc.DLL
[0613/222649.382:ERROR:process_memory_win.cc(73)] ReadMemory at 0x7ffe5c890000 of 64 bytes failed: Somente uma parte de um pedido ReadProcessMemory ou WriteProcessMemory foi concluída. (0x12B)
[0613/222649.382:WARNING:pe_image_reader.cc(340)] could not read dos header from C:\WINDOWS\System32\NSI.dll
[0613/222649.382:ERROR:process_memory_win.cc(73)] ReadMemory at 0x7ffe595d0000 of 64 bytes failed: Somente uma parte de um pedido ReadProcessMemory ou WriteProcessMemory foi concluída. (0x12B)
[0613/222649.382:WARNING:pe_image_reader.cc(340)] could not read dos header from C:\WINDOWS\SYSTEM32\WINMMBASE.dll
[0613/222649.382:ERROR:process_memory_win.cc(73)] ReadMemory at 0x7ffe5c740000 of 64 bytes failed: Somente uma parte de um pedido ReadProcessMemory ou WriteProcessMemory foi concluída. (0x12B)
[0613/222649.382:WARNING:pe_image_reader.cc(340)] could not read dos header from C:\WINDOWS\System32\cfgmgr32.dll
[0613/222649.382:ERROR:process_memory_win.cc(73)] ReadMemory at 0x7ffe57d30000 of 64 bytes failed: Somente uma parte de um pedido ReadProcessMemory ou WriteProcessMemory foi concluída. (0x12B)
[0613/222649.382:WARNING:pe_image_reader.cc(340)] could not read dos header from C:\WINDOWS\SYSTEM32\PROPSYS.dll
[0613/222649.383:ERROR:process_memory_win.cc(73)] ReadMemory at 0x7ffe5e6f0000 of 64 bytes failed: Somente uma parte de um pedido ReadProcessMemory ou WriteProcessMemory foi concluída. (0x12B)
[0613/222649.383:WARNING:pe_image_reader.cc(340)] could not read dos header from C:\WINDOWS\System32\shcore.dll
[0613/222649.383:ERROR:process_memory_win.cc(73)] ReadMemory at 0x7ffe5b590000 of 64 bytes failed: Somente uma parte de um pedido ReadProcessMemory ou WriteProcessMemory foi concluída. (0x12B)
[0613/222649.383:WARNING:pe_image_reader.cc(340)] could not read dos header from C:\WINDOWS\SYSTEM32\SSPICLI.DLL
[0613/222649.383:ERROR:process_memory_win.cc(73)] ReadMemory at 0x7ffe5b0e0000 of 64 bytes failed: Somente uma parte de um pedido ReadProcessMemory ou WriteProcessMemory foi concluída. (0x12B)
[0613/222649.383:WARNING:pe_image_reader.cc(340)] could not read dos header from C:\WINDOWS\SYSTEM32\CRYPTBASE.DLL
[0613/222649.383:ERROR:process_memory_win.cc(73)] ReadMemory at 0x7ff6f4650000 of 64 bytes failed: Somente uma parte de um pedido ReadProcessMemory ou WriteProcessMemory foi concluída. (0x12B)
[0613/222649.383:WARNING:pe_image_reader.cc(340)] could not read dos header from C:\Program Files (x86)\Google\Chrome\Application\chrome.exe
[0613/222649.383:ERROR:process_memory_win.cc(73)] ReadMemory at 0x7ffe5e7e0000 of 64 bytes failed: Somente uma parte de um pedido ReadProcessMemory ou WriteProcessMemory foi concluída. (0x12B)
[0613/222649.383:WARNING:pe_image_reader.cc(340)] could not read dos header from C:\WINDOWS\SYSTEM32\ntdll.dll
[0613/222649.383:ERROR:process_memory_win.cc(73)] ReadMemory at 0x7ffe5cfe0000 of 64 bytes failed: Somente uma parte de um pedido ReadProcessMemory ou WriteProcessMemory foi concluída. (0x12B)
[0613/222649.383:WARNING:pe_image_reader.cc(340)] could not read dos header from C:\WINDOWS\System32\KERNEL32.DLL
[0613/222649.383:ERROR:process_memory_win.cc(73)] ReadMemory at 0x7ffe5b9a0000 of 64 bytes failed: Somente uma parte de um pedido ReadProcessMemory ou WriteProcessMemory foi concluída. (0x12B)
[0613/222649.383:WARNING:pe_image_reader.cc(340)] could not read dos header from C:\WINDOWS\System32\KERNELBASE.dll
[0613/222649.383:ERROR:process_memory_win.cc(73)] ReadMemory at 0x7ffe2dc40000 of 64 bytes failed: Somente uma parte de um pedido ReadProcessMemory ou WriteProcessMemory foi concluída. (0x12B)
[0613/222649.383:WARNING:pe_image_reader.cc(340)] could not read dos header from C:\Program Files (x86)\Google\Chrome\Application\83.0.4103.97\chrome_elf.dll
[0613/222649.383:ERROR:process_memory_win.cc(73)] ReadMemory at 0x7ffe55270000 of 64 bytes failed: Somente uma parte de um pedido ReadProcessMemory ou WriteProcessMemory foi concluída. (0x12B)
[0613/222649.383:WARNING:pe_image_reader.cc(340)] could not read dos header from C:\WINDOWS\SYSTEM32\VERSION.dll
[0613/222649.383:ERROR:process_memory_win.cc(73)] ReadMemory at 0x7ffe5cf40000 of 64 bytes failed: Somente uma parte de um pedido ReadProcessMemory ou WriteProcessMemory foi concluída. (0x12B)
[0613/222649.383:WARNING:pe_image_reader.cc(340)] could not read dos header from C:\WINDOWS\System32\msvcrt.dll
[0613/222649.383:ERROR:process_memory_win.cc(73)] ReadMemory at 0x7ffe5bc50000 of 64 bytes failed: Somente uma parte de um pedido ReadProcessMemory ou WriteProcessMemory foi concluída. (0x12B)
[0613/222649.383:WARNING:pe_image_reader.cc(340)] could not read dos header from C:\WINDOWS\System32\bcryptPrimitives.dll
[0613/222649.383:ERROR:process_memory_win.cc(73)] ReadMemory at 0x7ffe5c8a0000 of 64 bytes failed: Somente uma parte de um pedido ReadProcessMemory ou WriteProcessMemory foi concluída. (0x12B)
[0613/222649.383:WARNING:pe_image_reader.cc(340)] could not read dos header from C:\WINDOWS\System32\ADVAPI32.dll
[0613/222649.384:ERROR:process_memory_win.cc(73)] ReadMemory at 0x7ffe5d280000 of 64 bytes failed: Somente uma parte de um pedido ReadProcessMemory ou WriteProcessMemory foi concluída. (0x12B)
[0613/222649.384:WARNING:pe_image_reader.cc(340)] could not read dos header from C:\WINDOWS\System32\sechost.dll
[0613/222649.384:ERROR:process_memory_win.cc(73)] ReadMemory at 0x7ffe5cbc0000 of 64 bytes failed: Somente uma parte de um pedido ReadProcessMemory ou WriteProcessMemory foi concluída. (0x12B)
[0613/222649.384:WARNING:pe_image_reader.cc(340)] could not read dos header from C:\WINDOWS\System32\RPCRT4.dll
[0613/222649.384:ERROR:process_memory_win.cc(73)] ReadMemory at 0x7ffdade30000 of 64 bytes failed: Somente uma parte de um pedido ReadProcessMemory ou WriteProcessMemory foi concluída. (0x12B)
[0613/222649.384:WARNING:pe_image_reader.cc(340)] could not read dos header from C:\Program Files (x86)\Google\Chrome\Application\83.0.4103.97\chrome.dll
[0613/222649.384:ERROR:process_memory_win.cc(73)] ReadMemory at 0x7ffe5d1a0000 of 64 bytes failed: Somente uma parte de um pedido ReadProcessMemory ou WriteProcessMemory foi concluída. (0x12B)
[0613/222649.384:WARNING:pe_image_reader.cc(340)] could not read dos header from C:\WINDOWS\System32\WS2_32.dll
[0613/222649.384:ERROR:process_memory_win.cc(73)] ReadMemory at 0x7ffe5e620000 of 64 bytes failed: Somente uma parte de um pedido ReadProcessMemory ou WriteProcessMemory foi concluída. (0x12B)
[0613/222649.384:WARNING:pe_image_reader.cc(340)] could not read dos header from C:\WINDOWS\System32\OLEAUT32.dll
[0613/222649.384:ERROR:process_memory_win.cc(73)] ReadMemory at 0x7ffe5bf20000 of 64 bytes failed: Somente uma parte de um pedido ReadProcessMemory ou WriteProcessMemory foi concluída. (0x12B)
[0613/222649.384:WARNING:pe_image_reader.cc(340)] could not read dos header from C:\WINDOWS\System32\msvcp_win.dll
[0613/222649.384:ERROR:process_memory_win.cc(73)] ReadMemory at 0x7ffe5c790000 of 64 bytes failed: Somente uma parte de um pedido ReadProcessMemory ou WriteProcessMemory foi concluída. (0x12B)
[0613/222649.384:WARNING:pe_image_reader.cc(340)] could not read dos header from C:\WINDOWS\System32\ucrtbase.dll
[0613/222649.384:ERROR:process_memory_win.cc(73)] ReadMemory at 0x7ffe5dbf0000 of 64 bytes failed: Somente uma parte de um pedido ReadProcessMemory ou WriteProcessMemory foi concluída. (0x12B)
[0613/222649.384:WARNING:pe_image_reader.cc(340)] could not read dos header from C:\WINDOWS\System32\combase.dll
[0613/222649.384:ERROR:process_memory_win.cc(73)] ReadMemory at 0x7ffe5b920000 of 64 bytes failed: Somente uma parte de um pedido ReadProcessMemory ou WriteProcessMemory foi concluída. (0x12B)
[0613/222649.384:WARNING:pe_image_reader.cc(340)] could not read dos header from C:\WINDOWS\System32\WINTRUST.dll
[0613/222649.384:ERROR:process_memory_win.cc(73)] ReadMemory at 0x7ffe5b6e0000 of 64 bytes failed: Somente uma parte de um pedido ReadProcessMemory ou WriteProcessMemory foi concluída. (0x12B)
[0613/222649.384:WARNING:pe_image_reader.cc(340)] could not read dos header from C:\WINDOWS\System32\MSASN1.dll
[0613/222649.384:ERROR:process_memory_win.cc(73)] ReadMemory at 0x7ffe5b770000 of 64 bytes failed: Somente uma parte de um pedido ReadProcessMemory ou WriteProcessMemory foi concluída. (0x12B)
[0613/222649.384:WARNING:pe_image_reader.cc(340)] could not read dos header from C:\WINDOWS\System32\CRYPT32.dll
[0613/222649.384:ERROR:process_memory_win.cc(73)] ReadMemory at 0x7ffe5abc0000 of 64 bytes failed: Somente uma parte de um pedido ReadProcessMemory ou WriteProcessMemory foi concluída. (0x12B)
[0613/222649.384:WARNING:pe_image_reader.cc(340)] could not read dos header from C:\WINDOWS\SYSTEM32\IPHLPAPI.DLL
[0613/222649.384:ERROR:process_memory_win.cc(73)] ReadMemory at 0x7ffe59600000 of 64 bytes failed: Somente uma parte de um pedido ReadProcessMemory ou WriteProcessMemory foi concluída. (0x12B)
[0613/222649.384:WARNING:pe_image_reader.cc(340)] could not read dos header from C:\WINDOWS\SYSTEM32\WINMM.dll
[0613/222649.384:ERROR:process_memory_win.cc(73)] ReadMemory at 0x7ffe49400000 of 64 bytes failed: Somente uma parte de um pedido ReadProcessMemory ou WriteProcessMemory foi concluída. (0x12B)
[0613/222649.384:WARNING:pe_image_reader.cc(340)] could not read dos header from C:\WINDOWS\SYSTEM32\Secur32.dll
[0613/222649.384:ERROR:process_memory_win.cc(73)] ReadMemory at 0x7ffe5b5c0000 of 64 bytes failed: Somente uma parte de um pedido ReadProcessMemory ou WriteProcessMemory foi concluída. (0x12B)
[0613/222649.384:WARNING:pe_image_reader.cc(340)] could not read dos header from C:\WINDOWS\SYSTEM32\USERENV.dll
[0613/222649.384:ERROR:process_memory_win.cc(73)] ReadMemory at 0x7ffe5b6b0000 of 64 bytes failed: Somente uma parte de um pedido ReadProcessMemory ou WriteProcessMemory foi concluída. (0x12B)
[0613/222649.384:WARNING:pe_image_reader.cc(340)] could not read dos header from C:\WINDOWS\System32\profapi.dll
[0613/222649.384:ERROR:process_memory_win.cc(73)] ReadMemory at 0x7ffe38000000 of 64 bytes failed: Somente uma parte de um pedido ReadProcessMemory ou WriteProcessMemory foi concluída. (0x12B)
[0613/222649.384:WARNING:pe_image_reader.cc(340)] could not read dos header from C:\WINDOWS\SYSTEM32\UIAutomationCore.DLL
[0613/222649.385:ERROR:process_memory_win.cc(73)] ReadMemory at 0x7ffe50500000 of 64 bytes failed: Somente uma parte de um pedido ReadProcessMemory ou WriteProcessMemory foi concluída. (0x12B)
[0613/222649.385:WARNING:pe_image_reader.cc(340)] could not read dos header from C:\WINDOWS\SYSTEM32\DWrite.dll
[0613/222649.385:ERROR:process_memory_win.cc(73)] ReadMemory at 0x7ffe4bcb0000 of 64 bytes failed: Somente uma parte de um pedido ReadProcessMemory ou WriteProcessMemory foi concluída. (0x12B)
[0613/222649.385:WARNING:pe_image_reader.cc(340)] could not read dos header from C:\WINDOWS\SYSTEM32\WINSPOOL.DRV
[0613/222649.385:ERROR:process_memory_win.cc(73)] ReadMemory at 0x7ffe5b700000 of 64 bytes failed: Somente uma parte de um pedido ReadProcessMemory ou WriteProcessMemory foi concluída. (0x12B)
[0613/222649.385:WARNING:pe_image_reader.cc(340)] could not read dos header from C:\WINDOWS\System32\kernel.appcore.dll
[0613/222649.385:ERROR:process_memory_win.cc(73)] ReadMemory at 0x7ffe5b8f0000 of 64 bytes failed: Somente uma parte de um pedido ReadProcessMemory ou WriteProcessMemory foi concluída. (0x12B)
[0613/222649.385:WARNING:pe_image_reader.cc(340)] could not read dos header from C:\WINDOWS\System32\bcrypt.dll
[0613/222649.385:ERROR:process_memory_win.cc(73)] ReadMemory at 0x7ffe4bf00000 of 64 bytes failed: Somente uma parte de um pedido ReadProcessMemory ou WriteProcessMemory foi concluída. (0x12B)
[0613/222649.385:WARNING:pe_image_reader.cc(340)] could not read dos header from C:\WINDOWS\SYSTEM32\dbghelp.dll
[0613/222649.385:ERROR:process_memory_win.cc(73)] ReadMemory at 0x7ffe545e0000 of 64 bytes failed: Somente uma parte de um pedido ReadProcessMemory ou WriteProcessMemory foi concluída. (0x12B)
[0613/222649.385:WARNING:pe_image_reader.cc(340)] could not read dos header from C:\WINDOWS\SYSTEM32\WINHTTP.dll
[0613/222649.385:ERROR:process_memory_win.cc(73)] ReadMemory at 0x7ffe56620000 of 64 bytes failed: Somente uma parte de um pedido ReadProcessMemory ou WriteProcessMemory foi concluída. (0x12B)
[0613/222649.385:WARNING:pe_image_reader.cc(340)] could not read dos header from C:\WINDOWS\SYSTEM32\dhcpcsvc.DLL
[0613/222649.385:ERROR:process_memory_win.cc(73)] ReadMemory at 0x7ffe5c890000 of 64 bytes failed: Somente uma parte de um pedido ReadProcessMemory ou WriteProcessMemory foi concluída. (0x12B)
[0613/222649.385:WARNING:pe_image_reader.cc(340)] could not read dos header from C:\WINDOWS\System32\NSI.dll
[0613/222649.385:ERROR:process_memory_win.cc(73)] ReadMemory at 0x7ffe595d0000 of 64 bytes failed: Somente uma parte de um pedido ReadProcessMemory ou WriteProcessMemory foi concluída. (0x12B)
[0613/222649.385:WARNING:pe_image_reader.cc(340)] could not read dos header from C:\WINDOWS\SYSTEM32\WINMMBASE.dll
[0613/222649.385:ERROR:process_memory_win.cc(73)] ReadMemory at 0x7ffe5c740000 of 64 bytes failed: Somente uma parte de um pedido ReadProcessMemory ou WriteProcessMemory foi concluída. (0x12B)
[0613/222649.385:WARNING:pe_image_reader.cc(340)] could not read dos header from C:\WINDOWS\System32\cfgmgr32.dll
[0613/222649.385:ERROR:process_memory_win.cc(73)] ReadMemory at 0x7ffe57d30000 of 64 bytes failed: Somente uma parte de um pedido ReadProcessMemory ou WriteProcessMemory foi concluída. (0x12B)
[0613/222649.385:WARNING:pe_image_reader.cc(340)] could not read dos header from C:\WINDOWS\SYSTEM32\PROPSYS.dll
[0613/222649.385:ERROR:process_memory_win.cc(73)] ReadMemory at 0x7ffe5e6f0000 of 64 bytes failed: Somente uma parte de um pedido ReadProcessMemory ou WriteProcessMemory foi concluída. (0x12B)
[0613/222649.385:WARNING:pe_image_reader.cc(340)] could not read dos header from C:\WINDOWS\System32\shcore.dll
[0613/222649.385:ERROR:process_memory_win.cc(73)] ReadMemory at 0x7ffe5b590000 of 64 bytes failed: Somente uma parte de um pedido ReadProcessMemory ou WriteProcessMemory foi concluída. (0x12B)
[0613/222649.385:WARNING:pe_image_reader.cc(340)] could not read dos header from C:\WINDOWS\SYSTEM32\SSPICLI.DLL
[0613/222649.385:ERROR:process_memory_win.cc(73)] ReadMemory at 0x7ffe5b0e0000 of 64 bytes failed: Somente uma parte de um pedido ReadProcessMemory ou WriteProcessMemory foi concluída. (0x12B)
[0613/222649.385:WARNING:pe_image_reader.cc(340)] could not read dos header from C:\WINDOWS\SYSTEM32\CRYPTBASE.DLL
[0613/222649.392:ERROR:process_memory_win.cc(73)] ReadMemory at 0x84d09f5000 of 45056 bytes failed: Somente uma parte de um pedido ReadProcessMemory ou WriteProcessMemory foi concluída. (0x12B)
[0613/222649.393:ERROR:process_memory_win.cc(73)] ReadMemory at 0x84d11fd000 of 12288 bytes failed: Somente uma parte de um pedido ReadProcessMemory ou WriteProcessMemory foi concluída. (0x12B)
[0613/222649.393:ERROR:process_memory_win.cc(73)] ReadMemory at 0x84d19fc000 of 16384 bytes failed: Somente uma parte de um pedido ReadProcessMemory ou WriteProcessMemory foi concluída. (0x12B)
[0613/222649.393:ERROR:process_memory_win.cc(73)] ReadMemory at 0x84d21fc000 of 16384 bytes failed: Somente uma parte de um pedido ReadProcessMemory ou WriteProcessMemory foi concluída. (0x12B)
[0613/222649.393:ERROR:process_memory_win.cc(73)] ReadMemory at 0x84d29fc000 of 16384 bytes failed: Somente uma parte de um pedido ReadProcessMemory ou WriteProcessMemory foi concluída. (0x12B)
[0613/222649.393:ERROR:process_memory_win.cc(73)] ReadMemory at 0x84d31ff000 of 4096 bytes failed: Somente uma parte de um pedido ReadProcessMemory ou WriteProcessMemory foi concluída. (0x12B)
[0613/222649.393:ERROR:process_memory_win.cc(73)] ReadMemory at 0x84d39fd000 of 12288 bytes failed: Somente uma parte de um pedido ReadProcessMemory ou WriteProcessMemory foi concluída. (0x12B)
[0613/222649.393:ERROR:process_memory_win.cc(73)] ReadMemory at 0x84d41fb000 of 20480 bytes failed: Somente uma parte de um pedido ReadProcessMemory ou WriteProcessMemory foi concluída. (0x12B)
[0613/222649.393:ERROR:process_memory_win.cc(73)] ReadMemory at 0x84d51fd000 of 12288 bytes failed: Somente uma parte de um pedido ReadProcessMemory ou WriteProcessMemory foi concluída. (0x12B)
[0613/222649.394:ERROR:process_memory_win.cc(73)] ReadMemory at 0x84d59fd000 of 12288 bytes failed: Somente uma parte de um pedido ReadProcessMemory ou WriteProcessMemory foi concluída. (0x12B)
[0613/222649.394:ERROR:process_memory_win.cc(73)] ReadMemory at 0x84d61fd000 of 12288 bytes failed: Somente uma parte de um pedido ReadProcessMemory ou WriteProcessMemory foi concluída. (0x12B)
[0613/222649.394:ERROR:process_memory_win.cc(73)] ReadMemory at 0x84d69fd000 of 12288 bytes failed: Somente uma parte de um pedido ReadProcessMemory ou WriteProcessMemory foi concluída. (0x12B)
[0613/222649.394:ERROR:process_memory_win.cc(73)] ReadMemory at 0x84d71fd000 of 12288 bytes failed: Somente uma parte de um pedido ReadProcessMemory ou WriteProcessMemory foi concluída. (0x12B)
[0613/222649.394:ERROR:process_memory_win.cc(73)] ReadMemory at 0x84d79fd000 of 12288 bytes failed: Somente uma parte de um pedido ReadProcessMemory ou WriteProcessMemory foi concluída. (0x12B)
[0613/222649.394:ERROR:process_memory_win.cc(73)] ReadMemory at 0x84d49fd000 of 12288 bytes failed: Somente uma parte de um pedido ReadProcessMemory ou WriteProcessMemory foi concluída. (0x12B)
[0613/222649.394:ERROR:process_memory_win.cc(73)] ReadMemory at 0x84d0045000 of 852 bytes failed: Somente uma parte de um pedido ReadProcessMemory ou WriteProcessMemory foi concluída. (0x12B)
[0613/222649.394:ERROR:process_memory_win.cc(73)] ReadMemory at 0x84d0046000 of 6024 bytes failed: Somente uma parte de um pedido ReadProcessMemory ou WriteProcessMemory foi concluída. (0x12B)
[0613/222649.394:ERROR:process_memory_win.cc(73)] ReadMemory at 0x84d0048000 of 6024 bytes failed: Somente uma parte de um pedido ReadProcessMemory ou WriteProcessMemory foi concluída. (0x12B)
[0613/222649.394:ERROR:process_memory_win.cc(73)] ReadMemory at 0x84d004a000 of 6024 bytes failed: Somente uma parte de um pedido ReadProcessMemory ou WriteProcessMemory foi concluída. (0x12B)
[0613/222649.394:ERROR:process_memory_win.cc(73)] ReadMemory at 0x84d004c000 of 6024 bytes failed: Somente uma parte de um pedido ReadProcessMemory ou WriteProcessMemory foi concluída. (0x12B)
[0613/222649.394:ERROR:process_memory_win.cc(73)] ReadMemory at 0x84d004e000 of 6024 bytes failed: Somente uma parte de um pedido ReadProcessMemory ou WriteProcessMemory foi concluída. (0x12B)
[0613/222649.395:ERROR:process_memory_win.cc(73)] ReadMemory at 0x84d0050000 of 6024 bytes failed: Somente uma parte de um pedido ReadProcessMemory ou WriteProcessMemory foi concluída. (0x12B)
[0613/222649.395:ERROR:process_memory_win.cc(73)] ReadMemory at 0x84d0052000 of 6024 bytes failed: Somente uma parte de um pedido ReadProcessMemory ou WriteProcessMemory foi concluída. (0x12B)
[0613/222649.395:ERROR:process_memory_win.cc(73)] ReadMemory at 0x84d0054000 of 6024 bytes failed: Somente uma parte de um pedido ReadProcessMemory ou WriteProcessMemory foi concluída. (0x12B)
[0613/222649.395:ERROR:process_memory_win.cc(73)] ReadMemory at 0x84d0058000 of 6024 bytes failed: Somente uma parte de um pedido ReadProcessMemory ou WriteProcessMemory foi concluída. (0x12B)
[0613/222649.395:ERROR:process_memory_win.cc(73)] ReadMemory at 0x84d005a000 of 6024 bytes failed: Somente uma parte de um pedido ReadProcessMemory ou WriteProcessMemory foi concluída. (0x12B)
[0613/222649.395:ERROR:process_memory_win.cc(73)] ReadMemory at 0x84d005c000 of 6024 bytes failed: Somente uma parte de um pedido ReadProcessMemory ou WriteProcessMemory foi concluída. (0x12B)
[0613/222649.395:ERROR:process_memory_win.cc(73)] ReadMemory at 0x84d005e000 of 6024 bytes failed: Somente uma parte de um pedido ReadProcessMemory ou WriteProcessMemory foi concluída. (0x12B)
[0613/222649.395:ERROR:process_memory_win.cc(73)] ReadMemory at 0x84d0060000 of 6024 bytes failed: Somente uma parte de um pedido ReadProcessMemory ou WriteProcessMemory foi concluída. (0x12B)
[0613/222649.395:ERROR:process_memory_win.cc(73)] ReadMemory at 0x84d0062000 of 6024 bytes failed: Somente uma parte de um pedido ReadProcessMemory ou WriteProcessMemory foi concluída. (0x12B)
[0613/222649.395:ERROR:process_memory_win.cc(73)] ReadMemory at 0x84d0064000 of 6024 bytes failed: Somente uma parte de um pedido ReadProcessMemory ou WriteProcessMemory foi concluída. (0x12B)
[0613/222649.395:ERROR:process_memory_win.cc(73)] ReadMemory at 0x1e991840750 of 80 bytes failed: Somente uma parte de um pedido ReadProcessMemory ou WriteProcessMemory foi concluída. (0x12B)
[0613/222649.396:ERROR:process_memory_win.cc(73)] ReadMemory at 0x1e991840fe0 of 4582 bytes failed: Somente uma parte de um pedido ReadProcessMemory ou WriteProcessMemory foi concluída. (0x12B)
[0613/222649.396:ERROR:process_memory_win.cc(73)] ReadMemory at 0x1e9918421d0 of 1012 bytes failed: Somente uma parte de um pedido ReadProcessMemory ou WriteProcessMemory foi concluída. (0x12B)
[0613/222649.396:ERROR:process_memory_win.cc(73)] ReadMemory at 0x1e991842818 of 118 bytes failed: Somente uma parte de um pedido ReadProcessMemory ou WriteProcessMemory foi concluída. (0x12B)
[0613/222649.396:ERROR:process_memory_win.cc(73)] ReadMemory at 0x1e991842890 of 758 bytes failed: Somente uma parte de um pedido ReadProcessMemory ou WriteProcessMemory foi concluída. (0x12B)
[0613/222649.396:ERROR:process_memory_win.cc(73)] ReadMemory at 0x1e991842b88 of 118 bytes failed: Somente uma parte de um pedido ReadProcessMemory ou WriteProcessMemory foi concluída. (0x12B)
[0613/222649.396:ERROR:process_memory_win.cc(73)] ReadMemory at 0x1e991842c00 of 96 bytes failed: Somente uma parte de um pedido ReadProcessMemory ou WriteProcessMemory foi concluída. (0x12B)
[0613/222649.396:ERROR:process_memory_win.cc(73)] ReadMemory at 0x1e991842c70 of 58 bytes failed: Somente uma parte de um pedido ReadProcessMemory ou WriteProcessMemory foi concluída. (0x12B)
[0613/222649.396:ERROR:process_memory_win.cc(73)] ReadMemory at 0x1e991842d70 of 132 bytes failed: Somente uma parte de um pedido ReadProcessMemory ou WriteProcessMemory foi concluída. (0x12B)
[0613/222649.397:ERROR:process_memory_win.cc(73)] ReadMemory at 0x1e991842f00 of 132 bytes failed: Somente uma parte de um pedido ReadProcessMemory ou WriteProcessMemory foi concluída. (0x12B)
[0613/222649.397:ERROR:process_memory_win.cc(73)] ReadMemory at 0x1e9918430c0 of 124 bytes failed: Somente uma parte de um pedido ReadProcessMemory ou WriteProcessMemory foi concluída. (0x12B)
[0613/222649.397:ERROR:process_memory_win.cc(73)] ReadMemory at 0x1e9918434a0 of 132 bytes failed: Somente uma parte de um pedido ReadProcessMemory ou WriteProcessMemory foi concluída. (0x12B)
[0613/222649.397:ERROR:process_memory_win.cc(73)] ReadMemory at 0x1e991843630 of 64 bytes failed: Somente uma parte de um pedido ReadProcessMemory ou WriteProcessMemory foi concluída. (0x12B)
[0613/222649.397:ERROR:process_memory_win.cc(73)] ReadMemory at 0x1e9918437f0 of 132 bytes failed: Somente uma parte de um pedido ReadProcessMemory ou WriteProcessMemory foi concluída. (0x12B)
[0613/222649.397:ERROR:process_memory_win.cc(73)] ReadMemory at 0x1e991843a90 of 132 bytes failed: Somente uma parte de um pedido ReadProcessMemory ou WriteProcessMemory foi concluída. (0x12B)
[0613/222649.397:ERROR:process_memory_win.cc(73)] ReadMemory at 0x1e991843c20 of 68 bytes failed: Somente uma parte de um pedido ReadProcessMemory ou WriteProcessMemory foi concluída. (0x12B)
[0613/222649.397:ERROR:process_memory_win.cc(73)] ReadMemory at 0x1e991844c10 of 144 bytes failed: Somente uma parte de um pedido ReadProcessMemory ou WriteProcessMemory foi concluída. (0x12B)
[0613/222649.397:ERROR:process_memory_win.cc(73)] ReadMemory at 0x1e991844cf0 of 132 bytes failed: Somente uma parte de um pedido ReadProcessMemory ou WriteProcessMemory foi concluída. (0x12B)
[0613/222649.397:ERROR:process_memory_win.cc(73)] ReadMemory at 0x1e991844e80 of 152 bytes failed: Somente uma parte de um pedido ReadProcessMemory ou WriteProcessMemory foi concluída. (0x12B)
[0613/222649.397:ERROR:process_memory_win.cc(73)] ReadMemory at 0x1e991845c60 of 62 bytes failed: Somente uma parte de um pedido ReadProcessMemory ou WriteProcessMemory foi concluída. (0x12B)
[0613/222649.397:ERROR:process_memory_win.cc(73)] ReadMemory at 0x1e991845cb0 of 132 bytes failed: Somente uma parte de um pedido ReadProcessMemory ou WriteProcessMemory foi concluída. (0x12B)
[0613/222649.397:ERROR:process_memory_win.cc(73)] ReadMemory at 0x1e991845e50 of 132 bytes failed: Somente uma parte de um pedido ReadProcessMemory ou WriteProcessMemory foi concluída. (0x12B)
[0613/222649.397:ERROR:process_memory_win.cc(73)] ReadMemory at 0x1e991845f80 of 60 bytes failed: Somente uma parte de um pedido ReadProcessMemory ou WriteProcessMemory foi concluída. (0x12B)
[0613/222649.398:ERROR:process_memory_win.cc(73)] ReadMemory at 0x1e991847c60 of 132 bytes failed: Somente uma parte de um pedido ReadProcessMemory ou WriteProcessMemory foi concluída. (0x12B)
[0613/222649.398:ERROR:process_memory_win.cc(73)] ReadMemory at 0x1e991847d90 of 132 bytes failed: Somente uma parte de um pedido ReadProcessMemory ou WriteProcessMemory foi concluída. (0x12B)
[0613/222649.398:ERROR:process_memory_win.cc(73)] ReadMemory at 0x1e991848210 of 132 bytes failed: Somente uma parte de um pedido ReadProcessMemory ou WriteProcessMemory foi concluída. (0x12B)
[0613/222649.398:ERROR:process_memory_win.cc(73)] ReadMemory at 0x1e99184b110 of 60 bytes failed: Somente uma parte de um pedido ReadProcessMemory ou WriteProcessMemory foi concluída. (0x12B)
[0613/222649.398:ERROR:process_memory_win.cc(73)] ReadMemory at 0x1e99184b160 of 62 bytes failed: Somente uma parte de um pedido ReadProcessMemory ou WriteProcessMemory foi concluída. (0x12B)
[0613/222649.398:ERROR:process_memory_win.cc(73)] ReadMemory at 0x1e99184b250 of 64 bytes failed: Somente uma parte de um pedido ReadProcessMemory ou WriteProcessMemory foi concluída. (0x12B)
[0613/222649.398:ERROR:process_memory_win.cc(73)] ReadMemory at 0x1e99184b340 of 64 bytes failed: Somente uma parte de um pedido ReadProcessMemory ou WriteProcessMemory foi concluída. (0x12B)
[0613/222649.398:ERROR:process_memory_win.cc(73)] ReadMemory at 0x1e99184b3e0 of 60 bytes failed: Somente uma parte de um pedido ReadProcessMemory ou WriteProcessMemory foi concluída. (0x12B)
[0613/222649.398:ERROR:process_memory_win.cc(73)] ReadMemory at 0x1e99184b660 of 62 bytes failed: Somente uma parte de um pedido ReadProcessMemory ou WriteProcessMemory foi concluída. (0x12B)
[0613/222649.398:ERROR:process_memory_win.cc(73)] ReadMemory at 0x1e99184b750 of 64 bytes failed: Somente uma parte de um pedido ReadProcessMemory ou WriteProcessMemory foi concluída. (0x12B)
[0613/222649.398:ERROR:process_memory_win.cc(73)] ReadMemory at 0x1e99184b7a0 of 66 bytes failed: Somente uma parte de um pedido ReadProcessMemory ou WriteProcessMemory foi concluída. (0x12B)
[0613/222649.398:ERROR:process_memory_win.cc(73)] ReadMemory at 0x1e99184b7f0 of 64 bytes failed: Somente uma parte de um pedido ReadProcessMemory ou WriteProcessMemory foi concluída. (0x12B)
[0613/222649.398:ERROR:process_memory_win.cc(73)] ReadMemory at 0x1e99184b8d0 of 132 bytes failed: Somente uma parte de um pedido ReadProcessMemory ou WriteProcessMemory foi concluída. (0x12B)
[0613/222649.398:ERROR:process_memory_win.cc(73)] ReadMemory at 0x1e99184c210 of 132 bytes failed: Somente uma parte de um pedido ReadProcessMemory ou WriteProcessMemory foi concluída. (0x12B)
[0613/222649.399:ERROR:process_memory_win.cc(73)] ReadMemory at 0x1e99184c540 of 132 bytes failed: Somente uma parte de um pedido ReadProcessMemory ou WriteProcessMemory foi concluída. (0x12B)
[0613/222649.399:ERROR:process_memory_win.cc(73)] ReadMemory at 0x1e99184c670 of 132 bytes failed: Somente uma parte de um pedido ReadProcessMemory ou WriteProcessMemory foi concluída. (0x12B)
[0613/222649.399:ERROR:process_memory_win.cc(73)] ReadMemory at 0x1e99184c7a0 of 132 bytes failed: Somente uma parte de um pedido ReadProcessMemory ou WriteProcessMemory foi concluída. (0x12B)
[0613/222649.399:ERROR:process_memory_win.cc(73)] ReadMemory at 0x1e99184c8d0 of 132 bytes failed: Somente uma parte de um pedido ReadProcessMemory ou WriteProcessMemory foi concluída. (0x12B)
[0613/222649.399:ERROR:process_memory_win.cc(73)] ReadMemory at 0x1e99184ca00 of 132 bytes failed: Somente uma parte de um pedido ReadProcessMemory ou WriteProcessMemory foi concluída. (0x12B)
[0613/222649.399:ERROR:process_memory_win.cc(73)] ReadMemory at 0x1e99184cb30 of 132 bytes failed: Somente uma parte de um pedido ReadProcessMemory ou WriteProcessMemory foi concluída. (0x12B)
[0613/222649.399:ERROR:process_memory_win.cc(73)] ReadMemory at 0x1e99184cc60 of 132 bytes failed: Somente uma parte de um pedido ReadProcessMemory ou WriteProcessMemory foi concluída. (0x12B)
[0613/222649.399:ERROR:process_memory_win.cc(73)] ReadMemory at 0x1e99184cd90 of 132 bytes failed: Somente uma parte de um pedido ReadProcessMemory ou WriteProcessMemory foi concluída. (0x12B)
[0613/222649.399:ERROR:process_memory_win.cc(73)] ReadMemory at 0x1e99184cec0 of 132 bytes failed: Somente uma parte de um pedido ReadProcessMemory ou WriteProcessMemory foi concluída. (0x12B)
[0613/222649.399:ERROR:process_memory_win.cc(73)] ReadMemory at 0x1e99184cff0 of 132 bytes failed: Somente uma parte de um pedido ReadProcessMemory ou WriteProcessMemory foi concluída. (0x12B)
[0613/222649.399:ERROR:process_memory_win.cc(73)] ReadMemory at 0x1e99184d120 of 132 bytes failed: Somente uma parte de um pedido ReadProcessMemory ou WriteProcessMemory foi concluída. (0x12B)
[0613/222649.399:ERROR:process_memory_win.cc(73)] ReadMemory at 0x1e99184d250 of 132 bytes failed: Somente uma parte de um pedido ReadProcessMemory ou WriteProcessMemory foi concluída. (0x12B)
[0613/222649.399:ERROR:process_memory_win.cc(73)] ReadMemory at 0x1e99184f170 of 132 bytes failed: Somente uma parte de um pedido ReadProcessMemory ou WriteProcessMemory foi concluída. (0x12B)
[0613/222649.400:ERROR:process_memory_win.cc(73)] ReadMemory at 0x1e991851ce0 of 132 bytes failed: Somente uma parte de um pedido ReadProcessMemory ou WriteProcessMemory foi concluída. (0x12B)
[0613/222649.400:ERROR:process_memory_win.cc(73)] ReadMemory at 0x1e991854820 of 54 bytes failed: Somente uma parte de um pedido ReadProcessMemory ou WriteProcessMemory foi concluída. (0x12B)
[0613/222649.400:ERROR:process_memory_win.cc(73)] ReadMemory at 0x1e991854a60 of 132 bytes failed: Somente uma parte de um pedido ReadProcessMemory ou WriteProcessMemory foi concluída. (0x12B)
[0613/222649.400:ERROR:process_memory_win.cc(73)] ReadMemory at 0x1e991854db0 of 132 bytes failed: Somente uma parte de um pedido ReadProcessMemory ou WriteProcessMemory foi concluída. (0x12B)
[0613/222649.400:ERROR:process_memory_win.cc(73)] ReadMemory at 0x1e991855320 of 76 bytes failed: Somente uma parte de um pedido ReadProcessMemory ou WriteProcessMemory foi concluída. (0x12B)
[0613/222649.400:ERROR:process_memory_win.cc(73)] ReadMemory at 0x1e991855aa0 of 80 bytes failed: Somente uma parte de um pedido ReadProcessMemory ou WriteProcessMemory foi concluída. (0x12B)
[0613/222649.400:ERROR:process_memory_win.cc(73)] ReadMemory at 0x1e9918560d0 of 64 bytes failed: Somente uma parte de um pedido ReadProcessMemory ou WriteProcessMemory foi concluída. (0x12B)
[0613/222649.400:ERROR:process_memory_win.cc(73)] ReadMemory at 0x1e9918564e0 of 62 bytes failed: Somente uma parte de um pedido ReadProcessMemory ou WriteProcessMemory foi concluída. (0x12B)
[0613/222649.400:ERROR:process_memory_win.cc(73)] ReadMemory at 0x1e991856530 of 62 bytes failed: Somente uma parte de um pedido ReadProcessMemory ou WriteProcessMemory foi concluída. (0x12B)
[0613/222649.400:ERROR:process_memory_win.cc(73)] ReadMemory at 0x1e991856580 of 60 bytes failed: Somente uma parte de um pedido ReadProcessMemory ou WriteProcessMemory foi concluída. (0x12B)
[0613/222649.400:ERROR:process_memory_win.cc(73)] ReadMemory at 0x1e991856620 of 62 bytes failed: Somente uma parte de um pedido ReadProcessMemory ou WriteProcessMemory foi concluída. (0x12B)
[0613/222649.400:ERROR:process_memory_win.cc(73)] ReadMemory at 0x1e991856670 of 66 bytes failed: Somente uma parte de um pedido ReadProcessMemory ou WriteProcessMemory foi concluída. (0x12B)
[0613/222649.400:ERROR:process_memory_win.cc(73)] ReadMemory at 0x1e9918566c0 of 62 bytes failed: Somente uma parte de um pedido ReadProcessMemory ou WriteProcessMemory foi concluída. (0x12B)
[0613/222649.400:ERROR:process_memory_win.cc(73)] ReadMemory at 0x1e991856800 of 64 bytes failed: Somente uma parte de um pedido ReadProcessMemory ou WriteProcessMemory foi concluída. (0x12B)
[0613/222649.400:ERROR:process_memory_win.cc(73)] ReadMemory at 0x1e991856850 of 58 bytes failed: Somente uma parte de um pedido ReadProcessMemory ou WriteProcessMemory foi concluída. (0x12B)
[0613/222649.401:ERROR:process_memory_win.cc(73)] ReadMemory at 0x1e9918568a0 of 60 bytes failed: Somente uma parte de um pedido ReadProcessMemory ou WriteProcessMemory foi concluída. (0x12B)
[0613/222649.401:ERROR:process_memory_win.cc(73)] ReadMemory at 0x1e9918568f0 of 60 bytes failed: Somente uma parte de um pedido ReadProcessMemory ou WriteProcessMemory foi concluída. (0x12B)
[0613/222649.401:ERROR:process_memory_win.cc(73)] ReadMemory at 0x1e991856990 of 62 bytes failed: Somente uma parte de um pedido ReadProcessMemory ou WriteProcessMemory foi concluída. (0x12B)
[0613/222649.401:ERROR:process_memory_win.cc(73)] ReadMemory at 0x1e9918569e0 of 62 bytes failed: Somente uma parte de um pedido ReadProcessMemory ou WriteProcessMemory foi concluída. (0x12B)
[0613/222649.401:ERROR:process_memory_win.cc(73)] ReadMemory at 0x1e991856b70 of 60 bytes failed: Somente uma parte de um pedido ReadProcessMemory ou WriteProcessMemory foi concluída. (0x12B)
[0613/222649.401:ERROR:process_memory_win.cc(73)] ReadMemory at 0x1e991856e40 of 64 bytes failed: Somente uma parte de um pedido ReadProcessMemory ou WriteProcessMemory foi concluída. (0x12B)
[0613/222649.401:ERROR:process_memory_win.cc(73)] ReadMemory at 0x1e991856e90 of 64 bytes failed: Somente uma parte de um pedido ReadProcessMemory ou WriteProcessMemory foi concluída. (0x12B)
[0613/222649.401:ERROR:process_memory_win.cc(73)] ReadMemory at 0x1e991856f30 of 62 bytes failed: Somente uma parte de um pedido ReadProcessMemory ou WriteProcessMemory foi concluída. (0x12B)
[0613/222649.401:ERROR:process_memory_win.cc(73)] ReadMemory at 0x1e991856f80 of 62 bytes failed: Somente uma parte de um pedido ReadProcessMemory ou WriteProcessMemory foi concluída. (0x12B)
[0613/222649.401:ERROR:process_memory_win.cc(73)] ReadMemory at 0x1e991857170 of 132 bytes failed: Somente uma parte de um pedido ReadProcessMemory ou WriteProcessMemory foi concluída. (0x12B)
[0613/222649.401:ERROR:process_memory_win.cc(73)] ReadMemory at 0x1e9918573d0 of 132 bytes failed: Somente uma parte de um pedido ReadProcessMemory ou WriteProcessMemory foi concluída. (0x12B)
[0613/222649.401:ERROR:process_memory_win.cc(73)] ReadMemory at 0x1e991857500 of 132 bytes failed: Somente uma parte de um pedido ReadProcessMemory ou WriteProcessMemory foi concluída. (0x12B)
[0613/222649.401:ERROR:process_memory_win.cc(73)] ReadMemory at 0x1e991857630 of 132 bytes failed: Somente uma parte de um pedido ReadProcessMemory ou WriteProcessMemory foi concluída. (0x12B)
[0613/222649.401:ERROR:process_memory_win.cc(73)] ReadMemory at 0x1e991857890 of 132 bytes failed: Somente uma parte de um pedido ReadProcessMemory ou WriteProcessMemory foi concluída. (0x12B)
[0613/222649.401:ERROR:process_memory_win.cc(73)] ReadMemory at 0x1e991857af0 of 132 bytes failed: Somente uma parte de um pedido ReadProcessMemory ou WriteProcessMemory foi concluída. (0x12B)
[0613/222649.402:ERROR:process_memory_win.cc(73)] ReadMemory at 0x1e9918580e0 of 132 bytes failed: Somente uma parte de um pedido ReadProcessMemory ou WriteProcessMemory foi concluída. (0x12B)
[0613/222649.402:ERROR:process_memory_win.cc(73)] ReadMemory at 0x1e991858340 of 132 bytes failed: Somente uma parte de um pedido ReadProcessMemory ou WriteProcessMemory foi concluída. (0x12B)
[0613/222649.402:ERROR:process_memory_win.cc(73)] ReadMemory at 0x1e9918585a0 of 132 bytes failed: Somente uma parte de um pedido ReadProcessMemory ou WriteProcessMemory foi concluída. (0x12B)
[0613/222649.402:ERROR:process_memory_win.cc(73)] ReadMemory at 0x1e9918586d0 of 132 bytes failed: Somente uma parte de um pedido ReadProcessMemory ou WriteProcessMemory foi concluída. (0x12B)
[0613/222649.402:ERROR:process_memory_win.cc(73)] ReadMemory at 0x1e99186e470 of 512 bytes failed: Somente uma parte de um pedido ReadProcessMemory ou WriteProcessMemory foi concluída. (0x12B)
[0613/222649.402:ERROR:process_memory_win.cc(73)] ReadMemory at 0x1e99186efc0 of 512 bytes failed: Somente uma parte de um pedido ReadProcessMemory ou WriteProcessMemory foi concluída. (0x12B)
[0613/222649.402:ERROR:process_memory_win.cc(73)] ReadMemory at 0x1e991ae1000 of 512 bytes failed: Somente uma parte de um pedido ReadProcessMemory ou WriteProcessMemory foi concluída. (0x12B)
[0613/222649.402:ERROR:process_memory_win.cc(73)] ReadMemory at 0x1e991f5b060 of 512 bytes failed: Somente uma parte de um pedido ReadProcessMemory ou WriteProcessMemory foi concluída. (0x12B)
[0613/222649.402:ERROR:process_memory_win.cc(73)] ReadMemory at 0x1e991f5f428 of 512 bytes failed: Somente uma parte de um pedido ReadProcessMemory ou WriteProcessMemory foi concluída. (0x12B)
[0613/222649.404:ERROR:process_memory_win.cc(73)] ReadMemory at 0x1e991f6a770 of 512 bytes failed: Somente uma parte de um pedido ReadProcessMemory ou WriteProcessMemory foi concluída. (0x12B)
[0613/222649.404:ERROR:process_memory_win.cc(73)] ReadMemory at 0x1e991f7a370 of 512 bytes failed: Somente uma parte de um pedido ReadProcessMemory ou WriteProcessMemory foi concluída. (0x12B)
[0613/222649.404:ERROR:process_memory_win.cc(73)] ReadMemory at 0x1e991f86170 of 512 bytes failed: Somente uma parte de um pedido ReadProcessMemory ou WriteProcessMemory foi concluída. (0x12B)
[0613/222649.404:ERROR:process_memory_win.cc(73)] ReadMemory at 0x1e991f888d0 of 712 bytes failed: Somente uma parte de um pedido ReadProcessMemory ou WriteProcessMemory foi concluída. (0x12B)
[0613/222649.404:ERROR:process_memory_win.cc(73)] ReadMemory at 0x1e991fa7c40 of 512 bytes failed: Somente uma parte de um pedido ReadProcessMemory ou WriteProcessMemory foi concluída. (0x12B)
[0613/222649.405:ERROR:process_memory_win.cc(73)] ReadMemory at 0x1e991feab30 of 512 bytes failed: Somente uma parte de um pedido ReadProcessMemory ou WriteProcessMemory foi concluída. (0x12B)
[0613/222649.405:ERROR:process_memory_win.cc(73)] ReadMemory at 0x1e993570000 of 384 bytes failed: Somente uma parte de um pedido ReadProcessMemory ou WriteProcessMemory foi concluída. (0x12B)
[0613/222649.405:ERROR:process_memory_win.cc(73)] ReadMemory at 0x4345f2a8b7c8 of 512 bytes failed: Somente uma parte de um pedido ReadProcessMemory ou WriteProcessMemory foi concluída. (0x12B)
[0613/222649.405:ERROR:process_memory_win.cc(73)] ReadMemory at 0x7ffdafcf2710 of 512 bytes failed: Somente uma parte de um pedido ReadProcessMemory ou WriteProcessMemory foi concluída. (0x12B)
[0613/222649.405:ERROR:process_memory_win.cc(73)] ReadMemory at 0x7ffdb0043d1c of 512 bytes failed: Somente uma parte de um pedido ReadProcessMemory ou WriteProcessMemory foi concluída. (0x12B)
[0613/222649.405:ERROR:process_memory_win.cc(73)] ReadMemory at 0x7ffdb05b818c of 512 bytes failed: Somente uma parte de um pedido ReadProcessMemory ou WriteProcessMemory foi concluída. (0x12B)
[0613/222649.405:ERROR:process_memory_win.cc(73)] ReadMemory at 0x7ffdb14e5d51 of 512 bytes failed: Somente uma parte de um pedido ReadProcessMemory ou WriteProcessMemory foi concluída. (0x12B)
[0613/222649.405:ERROR:process_memory_win.cc(73)] ReadMemory at 0x7ffdb5739568 of 512 bytes failed: Somente uma parte de um pedido ReadProcessMemory ou WriteProcessMemory foi concluída. (0x12B)
[0613/222649.405:ERROR:process_memory_win.cc(73)] ReadMemory at 0x7ffdb5a385c4 of 512 bytes failed: Somente uma parte de um pedido ReadProcessMemory ou WriteProcessMemory foi concluída. (0x12B)
[0613/222649.405:ERROR:process_memory_win.cc(73)] ReadMemory at 0x7ffe5e87c074 of 672 bytes failed: Somente uma parte de um pedido ReadProcessMemory ou WriteProcessMemory foi concluída. (0x12B)
[0613/222649.405:ERROR:process_memory_win.cc(73)] ReadMemory at 0x7ffe5e87c674 of 512 bytes failed: Somente uma parte de um pedido ReadProcessMemory ou WriteProcessMemory foi concluída. (0x12B)
[0613/222649.405:ERROR:process_memory_win.cc(73)] ReadMemory at 0x7ffe5e87f924 of 608 bytes failed: Somente uma parte de um pedido ReadProcessMemory ou WriteProcessMemory foi concluída. (0x12B)
[0613/222649.405:ERROR:process_memory_win.cc(73)] ReadMemory at 0x7ffe5e90c428 of 18 bytes failed: Somente uma parte de um pedido ReadProcessMemory ou WriteProcessMemory foi concluída. (0x12B)
[0613/222649.406:ERROR:process_memory_win.cc(73)] ReadMemory at 0x7ffe5e93f4f8 of 40 bytes failed: Somente uma parte de um pedido ReadProcessMemory ou WriteProcessMemory foi concluída. (0x12B)
[0613/222649.406:ERROR:process_memory_win.cc(73)] ReadMemory at 0x7ffe5e93f978 of 48 bytes failed: Somente uma parte de um pedido ReadProcessMemory ou WriteProcessMemory foi concluída. (0x12B)
[0613/222649.406:ERROR:process_memory_win.cc(73)] ReadMemory at 0x7ffe5e9453c0 of 64 bytes failed: Somente uma parte de um pedido ReadProcessMemory ou WriteProcessMemory foi concluída. (0x12B)
[0613/222649.408:ERROR:scoped_process_suspend.cc(40)] NtResumeProcess: Tentou-se acessar um processo de saída. (0xc000010a)
